COMMAND   PID     USER   FD   TYPE             DEVICE SIZE/OFF     NODE NAME
cat     23807 mburakow  cwd    DIR               1,11      578  2064806 /Users/mburakow/Hive_home/minishell
cat     23807 mburakow  txt    REG                1,7    23648   703283 /bin/cat
cat     23807 mburakow  txt    REG                1,7   973872 11585785 /usr/lib/dyld
cat     23807 mburakow    0   PIPE 0x655c9f622edf783b    16384          ->0x655c9f622edf5dfb
cat     23807 mburakow    1   PIPE 0x655c9f622edf5dfb    16384          ->0x655c9f622edf783b
cat     23807 mburakow    2u   CHR               16,1  0t66983      715 /dev/ttys001
cat     23807 mburakow    3   PIPE 0x655c9f622edf783b    16384          ->0x655c9f622edf5dfb
cat     23807 mburakow    4   PIPE 0x655c9f622edf5dfb    16384          ->0x655c9f622edf783b
cat     23807 mburakow    5   PIPE 0x655c9f622edf7bfb    16384          ->0x655c9f622edf6c3b
cat     23807 mburakow    6   PIPE 0x655c9f622edf6c3b    16384          ->0x655c9f622edf7bfb
cat     23807 mburakow    7   PIPE 0x655c9f622edf5afb    16384          ->0x655c9f622edf52bb
cat     23807 mburakow    8   PIPE 0x655c9f622edf52bb    16384          ->0x655c9f622edf5afb
cat     23808 mburakow  cwd    DIR               1,11      578  2064806 /Users/mburakow/Hive_home/minishell
cat     23808 mburakow  txt    REG                1,7    23648   703283 /bin/cat
cat     23808 mburakow  txt    REG                1,7   973872 11585785 /usr/lib/dyld
cat     23808 mburakow    0   PIPE 0x655c9f622edf783b    16384          ->0x655c9f622edf5dfb
cat     23808 mburakow    1   PIPE 0x655c9f622edf5dfb    16384          ->0x655c9f622edf783b
cat     23808 mburakow    2u   CHR               16,1  0t66983      715 /dev/ttys001
cat     23808 mburakow    3   PIPE 0x655c9f622edf783b    16384          ->0x655c9f622edf5dfb
cat     23808 mburakow    4   PIPE 0x655c9f622edf5dfb    16384          ->0x655c9f622edf783b
cat     23808 mburakow    5   PIPE 0x655c9f622edf7bfb    16384          ->0x655c9f622edf6c3b
cat     23808 mburakow    6   PIPE 0x655c9f622edf6c3b    16384          ->0x655c9f622edf7bfb
cat     23808 mburakow    7   PIPE 0x655c9f622edf597b    16384          ->0x655c9f622edf54fb
cat     23808 mburakow    8   PIPE 0x655c9f622edf54fb    16384          ->0x655c9f622edf597b
